0 info it worked if it ends with ok
1 verbose cli [ 'node',
1 verbose cli   '/usr/local/bin/npm',
1 verbose cli   'install',
1 verbose cli   '-g',
1 verbose cli   'cordova',
1 verbose cli   'ionic' ]
2 info using npm@1.4.28
3 info using node@v0.10.33
4 verbose cache add [ 'cordova', null ]
5 verbose cache add name=undefined spec="cordova" args=["cordova",null]
6 verbose parsed url { protocol: null,
6 verbose parsed url   slashes: null,
6 verbose parsed url   auth: null,
6 verbose parsed url   host: null,
6 verbose parsed url   port: null,
6 verbose parsed url   hostname: null,
6 verbose parsed url   hash: null,
6 verbose parsed url   search: null,
6 verbose parsed url   query: null,
6 verbose parsed url   pathname: 'cordova',
6 verbose parsed url   path: 'cordova',
6 verbose parsed url   href: 'cordova' }
7 verbose cache add [ 'ionic', null ]
8 verbose cache add name=undefined spec="ionic" args=["ionic",null]
9 verbose parsed url { protocol: null,
9 verbose parsed url   slashes: null,
9 verbose parsed url   auth: null,
9 verbose parsed url   host: null,
9 verbose parsed url   port: null,
9 verbose parsed url   hostname: null,
9 verbose parsed url   hash: null,
9 verbose parsed url   search: null,
9 verbose parsed url   query: null,
9 verbose parsed url   pathname: 'ionic',
9 verbose parsed url   path: 'ionic',
9 verbose parsed url   href: 'ionic' }
10 silly lockFile a98f2055-cordova cordova
11 verbose lock cordova /Users/rlx/.npm/a98f2055-cordova.lock
12 silly lockFile 00d10074-ionic ionic
13 verbose lock ionic /Users/rlx/.npm/00d10074-ionic.lock
14 silly lockFile a98f2055-cordova cordova
15 silly lockFile a98f2055-cordova cordova
16 silly lockFile 00d10074-ionic ionic
17 silly lockFile 00d10074-ionic ionic
18 verbose addNamed [ 'cordova', '' ]
19 verbose addNamed [ null, '*' ]
20 silly lockFile de8d9fad-cordova cordova@
21 verbose lock cordova@ /Users/rlx/.npm/de8d9fad-cordova.lock
22 verbose addNamed [ 'ionic', '' ]
23 verbose addNamed [ null, '*' ]
24 silly lockFile 966fc04a-ionic ionic@
25 verbose lock ionic@ /Users/rlx/.npm/966fc04a-ionic.lock
26 silly addNameRange { name: 'cordova', range: '*', hasData: false }
27 silly addNameRange { name: 'ionic', range: '*', hasData: false }
28 verbose request where is /cordova
29 verbose request registry https://registry.npmjs.org/
30 verbose request id 33cc02686810604f
31 verbose url raw /cordova
32 verbose url resolving [ 'https://registry.npmjs.org/', './cordova' ]
33 verbose url resolved https://registry.npmjs.org/cordova
34 verbose request where is https://registry.npmjs.org/cordova
35 info trying registry request attempt 1 at 14:34:43
36 verbose etag "ERWEULI73916D1NTQVO41Y3XK"
37 http GET https://registry.npmjs.org/cordova
38 verbose request where is /ionic
39 verbose request registry https://registry.npmjs.org/
40 verbose url raw /ionic
41 verbose url resolving [ 'https://registry.npmjs.org/', './ionic' ]
42 verbose url resolved https://registry.npmjs.org/ionic
43 verbose request where is https://registry.npmjs.org/ionic
44 info trying registry request attempt 1 at 14:34:43
45 verbose etag "EWVUJZDVNXU3L5LLI7UWKHCEN"
46 http GET https://registry.npmjs.org/ionic
47 http 304 https://registry.npmjs.org/ionic
48 silly registry.get cb [ 304,
48 silly registry.get   { date: 'Thu, 06 Nov 2014 13:34:44 GMT',
48 silly registry.get     server: 'Apache',
48 silly registry.get     via: '1.1 varnish',
48 silly registry.get     'last-modified': 'Thu, 06 Nov 2014 13:34:44 GMT',
48 silly registry.get     'cache-control': 'max-age=60',
48 silly registry.get     etag: '"EWVUJZDVNXU3L5LLI7UWKHCEN"',
48 silly registry.get     age: '9',
48 silly registry.get     'x-served-by': 'cache-lhr6327-LHR',
48 silly registry.get     'x-cache': 'HIT',
48 silly registry.get     'x-cache-hits': '1',
48 silly registry.get     'x-timer': 'S1415280884.682035,VS0,VE1',
48 silly registry.get     vary: 'Accept',
48 silly registry.get     'content-length': '0',
48 silly registry.get     'keep-alive': 'timeout=10, max=50',
48 silly registry.get     connection: 'Keep-Alive' } ]
49 verbose etag https://registry.npmjs.org/ionic from cache
50 silly addNameRange number 2 { name: 'ionic', range: '*', hasData: true }
51 silly addNameRange versions [ 'ionic',
51 silly addNameRange   [ '0.9.6',
51 silly addNameRange     '0.9.8',
51 silly addNameRange     '0.9.9',
51 silly addNameRange     '0.9.10',
51 silly addNameRange     '0.9.11',
51 silly addNameRange     '0.9.12',
51 silly addNameRange     '0.9.13',
51 silly addNameRange     '0.9.14',
51 silly addNameRange     '0.9.15',
51 silly addNameRange     '0.9.16',
51 silly addNameRange     '1.0.0-beta.1',
51 silly addNameRange     '1.0.0-beta',
51 silly addNameRange     '1.0.1-beta',
51 silly addNameRange     '1.0.3-beta',
51 silly addNameRange     '1.0.4',
51 silly addNameRange     '1.0.5',
51 silly addNameRange     '1.0.6',
51 silly addNameRange     '1.0.7',
51 silly addNameRange     '1.0.8',
51 silly addNameRange     '1.0.9',
51 silly addNameRange     '1.0.10',
51 silly addNameRange     '1.0.11',
51 silly addNameRange     '1.0.12',
51 silly addNameRange     '1.0.13',
51 silly addNameRange     '1.0.14',
51 silly addNameRange     '1.0.15',
51 silly addNameRange     '1.0.16',
51 silly addNameRange     '1.0.17',
51 silly addNameRange     '1.1.0-beta1',
51 silly addNameRange     '1.1.0-beta2',
51 silly addNameRange     '1.1.0-beta3',
51 silly addNameRange     '1.1.0-beta4',
51 silly addNameRange     '1.1.0-beta5',
51 silly addNameRange     '1.1.0-beta6',
51 silly addNameRange     '1.1.0',
51 silly addNameRange     '1.1.1-beta1',
51 silly addNameRange     '1.1.1-beta2',
51 silly addNameRange     '1.1.1-beta3',
51 silly addNameRange     '1.1.1',
51 silly addNameRange     '1.1.3',
51 silly addNameRange     '1.1.4',
51 silly addNameRange     '1.1.5-beta1',
51 silly addNameRange     '1.1.5-beta2',
51 silly addNameRange     '1.1.5-beta3',
51 silly addNameRange     '1.1.5-beta4',
51 silly addNameRange     '1.1.5-beta5',
51 silly addNameRange     '1.1.5',
51 silly addNameRange     '1.1.6',
51 silly addNameRange     '1.1.7-beta1',
51 silly addNameRange     '1.1.7',
51 silly addNameRange     '1.1.8-beta1',
51 silly addNameRange     '1.1.8-beta2',
51 silly addNameRange     '1.1.8-beta3',
51 silly addNameRange     '1.1.8-beta4',
51 silly addNameRange     '1.1.8-beta5',
51 silly addNameRange     '1.1.8',
51 silly addNameRange     '1.1.9-beta1',
51 silly addNameRange     '1.1.9',
51 silly addNameRange     '1.1.10',
51 silly addNameRange     '1.1.11-beta1',
51 silly addNameRange     '1.1.11-beta2',
51 silly addNameRange     '1.1.11',
51 silly addNameRange     '1.1.12-beta1',
51 silly addNameRange     '1.1.12-beta2',
51 silly addNameRange     '1.1.12-beta3',
51 silly addNameRange     '1.1.12',
51 silly addNameRange     '1.1.13',
51 silly addNameRange     '1.1.14-beta1',
51 silly addNameRange     '1.1.14-beta2',
51 silly addNameRange     '1.1.14-beta3',
51 silly addNameRange     '1.2.0-beta1',
51 silly addNameRange     '1.2.0',
51 silly addNameRange     '1.2.1-beta1',
51 silly addNameRange     '1.2.1-beta2',
51 silly addNameRange     '1.2.1-beta3',
51 silly addNameRange     '1.2.1-beta4',
51 silly addNameRange     '1.2.1',
51 silly addNameRange     '1.2.2',
51 silly addNameRange     '1.2.3-beta1',
51 silly addNameRange     '1.2.3-beta2',
51 silly addNameRange     '1.2.3-beta3',
51 silly addNameRange     '1.2.3',
51 silly addNameRange     '1.2.4-beta1',
51 silly addNameRange     '1.2.4-beta2',
51 silly addNameRange     '1.2.4-beta3',
51 silly addNameRange     '1.2.4',
51 silly addNameRange     '1.2.5-beta1',
51 silly addNameRange     '1.2.5-beta2',
51 silly addNameRange     '1.2.5-beta3',
51 silly addNameRange     '1.2.5',
51 silly addNameRange     '1.2.6-beta1',
51 silly addNameRange     '1.2.6-beta2',
51 silly addNameRange     '1.2.6-beta3',
51 silly addNameRange     '1.2.6',
51 silly addNameRange     '1.2.7',
51 silly addNameRange     '1.2.8-beta1',
51 silly addNameRange     '1.2.8-beta2',
51 silly addNameRange     '1.2.8' ] ]
52 verbose addNamed [ 'ionic', '1.2.8' ]
53 verbose addNamed [ '1.2.8', '1.2.8' ]
54 silly lockFile 74ce95ae-ionic-1-2-8 ionic@1.2.8
55 verbose lock ionic@1.2.8 /Users/rlx/.npm/74ce95ae-ionic-1-2-8.lock
56 silly lockFile 74ce95ae-ionic-1-2-8 ionic@1.2.8
57 silly lockFile 74ce95ae-ionic-1-2-8 ionic@1.2.8
58 silly lockFile 966fc04a-ionic ionic@
59 silly lockFile 966fc04a-ionic ionic@
60 http 304 https://registry.npmjs.org/cordova
61 silly registry.get cb [ 304,
61 silly registry.get   { date: 'Thu, 06 Nov 2014 13:34:44 GMT',
61 silly registry.get     server: 'Apache',
61 silly registry.get     via: '1.1 varnish',
61 silly registry.get     'last-modified': 'Thu, 06 Nov 2014 13:34:44 GMT',
61 silly registry.get     'cache-control': 'max-age=60',
61 silly registry.get     etag: '"ERWEULI73916D1NTQVO41Y3XK"',
61 silly registry.get     age: '0',
61 silly registry.get     'x-served-by': 'cache-lhr6322-LHR',
61 silly registry.get     'x-cache': 'HIT',
61 silly registry.get     'x-cache-hits': '1',
61 silly registry.get     'x-timer': 'S1415280884.685486,VS0,VE156',
61 silly registry.get     vary: 'Accept',
61 silly registry.get     'content-length': '0',
61 silly registry.get     'keep-alive': 'timeout=10, max=50',
61 silly registry.get     connection: 'Keep-Alive' } ]
62 verbose etag https://registry.npmjs.org/cordova from cache
63 silly addNameRange number 2 { name: 'cordova', range: '*', hasData: true }
64 silly addNameRange versions [ 'cordova',
64 silly addNameRange   [ '0.0.1',
64 silly addNameRange     '0.0.2',
64 silly addNameRange     '0.0.3',
64 silly addNameRange     '0.0.4',
64 silly addNameRange     '0.0.5',
64 silly addNameRange     '0.0.6',
64 silly addNameRange     '0.0.7',
64 silly addNameRange     '0.0.8',
64 silly addNameRange     '0.0.9',
64 silly addNameRange     '0.1.0',
64 silly addNameRange     '0.1.1',
64 silly addNameRange     '0.1.2',
64 silly addNameRange     '0.1.3',
64 silly addNameRange     '0.1.4',
64 silly addNameRange     '0.1.5',
64 silly addNameRange     '0.1.6',
64 silly addNameRange     '0.1.7',
64 silly addNameRange     '0.1.8',
64 silly addNameRange     '0.1.9',
64 silly addNameRange     '0.1.10',
64 silly addNameRange     '0.1.11',
64 silly addNameRange     '0.1.12',
64 silly addNameRange     '0.1.13',
64 silly addNameRange     '0.1.14',
64 silly addNameRange     '2.2.0',
64 silly addNameRange     '2.3.0',
64 silly addNameRange     '2.3.1',
64 silly addNameRange     '2.3.2',
64 silly addNameRange     '2.3.3',
64 silly addNameRange     '2.3.5',
64 silly addNameRange     '2.3.6',
64 silly addNameRange     '2.4.0',
64 silly addNameRange     '2.4.1',
64 silly addNameRange     '2.4.2',
64 silly addNameRange     '2.4.3',
64 silly addNameRange     '2.4.4',
64 silly addNameRange     '2.4.5',
64 silly addNameRange     '2.4.6',
64 silly addNameRange     '2.4.7',
64 silly addNameRange     '2.4.8',
64 silly addNameRange     '2.4.9',
64 silly addNameRange     '2.4.10',
64 silly addNameRange     '2.5.0',
64 silly addNameRange     '2.5.2',
64 silly addNameRange     '2.5.3',
64 silly addNameRange     '2.5.4',
64 silly addNameRange     '2.5.5',
64 silly addNameRange     '2.6.0',
64 silly addNameRange     '2.6.1',
64 silly addNameRange     '2.6.2',
64 silly addNameRange     '2.7.0-rc.1',
64 silly addNameRange     '2.7.1-rc.1',
64 silly addNameRange     '2.7.2',
64 silly addNameRange     '2.7.3',
64 silly addNameRange     '2.7.4',
64 silly addNameRange     '2.8.0',
64 silly addNameRange     '2.8.1',
64 silly addNameRange     '2.8.2',
64 silly addNameRange     '2.8.3',
64 silly addNameRange     '2.8.4',
64 silly addNameRange     '2.8.5',
64 silly addNameRange     '2.8.6',
64 silly addNameRange     '2.8.7',
64 silly addNameRange     '2.8.8',
64 silly addNameRange     '2.8.9',
64 silly addNameRange     '2.8.10',
64 silly addNameRange     '2.8.11',
64 silly addNameRange     '2.8.12',
64 silly addNameRange     '2.8.13',
64 silly addNameRange     '2.8.14',
64 silly addNameRange     '2.8.15',
64 silly addNameRange     '2.8.16',
64 silly addNameRange     '2.8.17',
64 silly addNameRange     '2.8.18',
64 silly addNameRange     '2.8.19',
64 silly addNameRange     '2.8.20',
64 silly addNameRange     '2.8.21',
64 silly addNameRange     '2.8.22',
64 silly addNameRange     '2.8.23',
64 silly addNameRange     '2.8.24',
64 silly addNameRange     '2.8.25',
64 silly addNameRange     '2.9.0',
64 silly addNameRange     '2.9.1',
64 silly addNameRange     '2.9.2',
64 silly addNameRange     '2.9.3',
64 silly addNameRange     '2.9.4',
64 silly addNameRange     '2.9.5',
64 silly addNameRange     '2.9.6',
64 silly addNameRange     '2.9.7',
64 silly addNameRange     '3.0.0-rc1',
64 silly addNameRange     '3.0.0-rc1-1',
64 silly addNameRange     '3.0.0-rc1-3',
64 silly addNameRange     '3.0.0',
64 silly addNameRange     '3.0.1',
64 silly addNameRange     '3.0.2',
64 silly addNameRange     '3.0.3',
64 silly addNameRange     '3.0.4',
64 silly addNameRange     '3.0.5',
64 silly addNameRange     '3.0.6',
64 silly addNameRange     '3.0.7',
64 silly addNameRange     '3.0.8',
64 silly addNameRange     '3.0.9',
64 silly addNameRange     '3.0.10',
64 silly addNameRange     '3.1.0-0.1.0',
64 silly addNameRange     '3.1.0-0.2.0',
64 silly addNameRange     '3.2.0-rc.1',
64 silly addNameRange     '3.2.0-0.1.0',
64 silly addNameRange     '3.2.0-0.2.0',
64 silly addNameRange     '3.2.0-0.3.0',
64 silly addNameRange     '3.2.0-0.4.0',
64 silly addNameRange     '3.3.0-rc.1',
64 silly addNameRange     '3.3.0-0.1.1',
64 silly addNameRange     '3.3.1-0.1.2',
64 silly addNameRange     '2.9.0-rc1',
64 silly addNameRange     '3.3.1-0.3.0',
64 silly addNameRange     '3.3.1-0.3.1',
64 silly addNameRange     '3.3.1-0.4.1',
64 silly addNameRange     '3.3.1-0.4.2',
64 silly addNameRange     '3.4.0-0.1.0',
64 silly addNameRange     '3.4.0-0.1.1',
64 silly addNameRange     '3.4.0-0.1.2',
64 silly addNameRange     '3.4.0-0.1.3',
64 silly addNameRange     '0.0.0-fake',
64 silly addNameRange     '3.4.1-0.1.0',
64 silly addNameRange     '3.5.0-0.2.0',
64 silly addNameRange     '3.5.0-0.2.1',
64 silly addNameRange     '3.5.0-0.2.2',
64 silly addNameRange     '3.5.0-0.2.3',
64 silly addNameRange     '3.5.0-0.2.4',
64 silly addNameRange     '3.5.0-0.2.6',
64 silly addNameRange     '3.5.0-0.2.7',
64 silly addNameRange     '3.6.0-0.2.8',
64 silly addNameRange     '3.6.0-0.2.9',
64 silly addNameRange     '3.6.1-0.2.10',
64 silly addNameRange     '3.6.3-0.2.11',
64 silly addNameRange     '3.6.3-0.2.12',
64 silly addNameRange     '3.6.3-0.2.13',
64 silly addNameRange     '4.0.0',
64 silly addNameRange     '4.0.1-nightly.2014.9.29' ] ]
65 verbose addNamed [ 'cordova', '4.0.0' ]
66 verbose addNamed [ '4.0.0', '4.0.0' ]
67 silly lockFile adfda7a6-cordova-4-0-0 cordova@4.0.0
68 verbose lock cordova@4.0.0 /Users/rlx/.npm/adfda7a6-cordova-4-0-0.lock
69 silly lockFile adfda7a6-cordova-4-0-0 cordova@4.0.0
70 silly lockFile adfda7a6-cordova-4-0-0 cordova@4.0.0
71 silly lockFile de8d9fad-cordova cordova@
72 silly lockFile de8d9fad-cordova cordova@
73 silly resolved [ { name: 'ionic',
73 silly resolved     version: '1.2.8',
73 silly resolved     preferGlobal: true,
73 silly resolved     description: 'A tool for creating and developing Ionic Framework mobile apps.',
73 silly resolved     homepage: 'http://ionicframework.com/',
73 silly resolved     bin: { ionic: 'bin/ionic' },
73 silly resolved     keywords:
73 silly resolved      [ 'ionic',
73 silly resolved        'ionic framework',
73 silly resolved        'ionicframework',
73 silly resolved        'mobile',
73 silly resolved        'app',
73 silly resolved        'hybrid',
73 silly resolved        'cordova',
73 silly resolved        'phonegap' ],
73 silly resolved     repository:
73 silly resolved      { type: 'git',
73 silly resolved        url: 'https://github.com/driftyco/ionic-cli.git' },
73 silly resolved     contributors: [ [Object], [Object], [Object] ],
73 silly resolved     license: 'MIT',
73 silly resolved     dependencies:
73 silly resolved      { archiver: '0.5.1',
73 silly resolved        colors: '0.6.2',
73 silly resolved        connect: '3.1.1',
73 silly resolved        'cross-spawn': '0.2.3',
73 silly resolved        'connect-livereload': '0.4.0',
73 silly resolved        'event-stream': '3.0.x',
73 silly resolved        finalhandler: '0.2.0',
73 silly resolved        'form-data': '0.1.4',
73 silly resolved        ncp: '0.4.2',
73 silly resolved        npm: '2.1.3',
73 silly resolved        open: '0.0.5',
73 silly resolved        optimist: '0.6.0',
73 silly resolved        prompt: '0.2.12',
73 silly resolved        progress: '1.1.7',
73 silly resolved        q: '1.0.1',
73 silly resolved        request: '2.27.0',
73 silly resolved        'serve-static': '1.6.1',
73 silly resolved        shelljs: '0.2.6',
73 silly resolved        'tiny-lr-fork': '0.0.5',
73 silly resolved        unzip: '0.1.9',
73 silly resolved        'vinyl-fs': '0.3.7',
73 silly resolved        xml2js: '0.4.4' },
73 silly resolved     bugs: { url: 'https://github.com/driftyco/ionic-cli/issues' },
73 silly resolved     _id: 'ionic@1.2.8',
73 silly resolved     dist:
73 silly resolved      { shasum: 'b7087e0ba85f358934fa6546a351e966afa771a3',
73 silly resolved        tarball: 'http://registry.npmjs.org/ionic/-/ionic-1.2.8.tgz' },
73 silly resolved     _from: 'ionic@',
73 silly resolved     _npmVersion: '1.4.4',
73 silly resolved     _npmUser: { name: 'drifty', email: 'max@drifty.com' },
73 silly resolved     maintainers: [ [Object] ],
73 silly resolved     directories: {},
73 silly resolved     _shasum: 'b7087e0ba85f358934fa6546a351e966afa771a3',
73 silly resolved     _resolved: 'https://registry.npmjs.org/ionic/-/ionic-1.2.8.tgz',
73 silly resolved     readme: 'ERROR: No README data found!' },
73 silly resolved   { name: 'cordova',
73 silly resolved     version: '4.0.0',
73 silly resolved     preferGlobal: 'true',
73 silly resolved     description: 'Cordova command line interface tool',
73 silly resolved     main: 'cordova',
73 silly resolved     engines: { node: '>=0.9.9' },
73 silly resolved     engineStrict: true,
73 silly resolved     bin: { cordova: './bin/cordova' },
73 silly resolved     scripts: { test: 'jasmine-node --captureExceptions --color spec' },
73 silly resolved     repository:
73 silly resolved      { type: 'git',
73 silly resolved        url: 'https://git-wip-us.apache.org/repos/asf/cordova-cli.git' },
73 silly resolved     bugs:
73 silly resolved      { url: 'https://issues.apache.org/jira/browse/CB',
73 silly resolved        email: 'dev@cordova.apache.org' },
73 silly resolved     keywords: [ 'cordova', 'client', 'cli' ],
73 silly resolved     dependencies:
73 silly resolved      { 'cordova-lib': '4.0.0',
73 silly resolved        q: '0.9.7',
73 silly resolved        nopt: '2.2.1',
73 silly resolved        underscore: '1.4.4' },
73 silly resolved     devDependencies: { 'jasmine-node': '1.14.5' },
73 silly resolved     author: { name: 'Anis Kadri' },
73 silly resolved     contributors:
73 silly resolved      [ [Object],
73 silly resolved        [Object],
73 silly resolved        [Object],
73 silly resolved        [Object],
73 silly resolved        [Object],
73 silly resolved        [Object],
73 silly resolved        [Object],
73 silly resolved        [Object],
73 silly resolved        [Object],
73 silly resolved        [Object],
73 silly resolved        [Object],
73 silly resolved        [Object],
73 silly resolved        [Object],
73 silly resolved        [Object],
73 silly resolved        [Object],
73 silly resolved        [Object],
73 silly resolved        [Object],
73 silly resolved        [Object],
73 silly resolved        [Object],
73 silly resolved        [Object],
73 silly resolved        [Object],
73 silly resolved        [Object],
73 silly resolved        [Object],
73 silly resolved        [Object] ],
73 silly resolved     license: 'Apache version 2.0',
73 silly resolved     _id: 'cordova@4.0.0',
73 silly resolved     _shasum: '9d8d139914518233fc3cb20d999eea583a99b2f1',
73 silly resolved     _resolved: 'https://registry.npmjs.org/cordova/-/cordova-4.0.0.tgz',
73 silly resolved     _from: 'cordova@',
73 silly resolved     _npmVersion: '1.4.28',
73 silly resolved     _npmUser: { name: 'stevegill', email: 'stevengill97@gmail.com' },
73 silly resolved     maintainers:
73 silly resolved      [ [Object],
73 silly resolved        [Object],
73 silly resolved        [Object],
73 silly resolved        [Object],
73 silly resolved        [Object],
73 silly resolved        [Object],
73 silly resolved        [Object],
73 silly resolved        [Object],
73 silly resolved        [Object],
73 silly resolved        [Object],
73 silly resolved        [Object],
73 silly resolved        [Object],
73 silly resolved        [Object] ],
73 silly resolved     dist:
73 silly resolved      { shasum: '9d8d139914518233fc3cb20d999eea583a99b2f1',
73 silly resolved        tarball: 'http://registry.npmjs.org/cordova/-/cordova-4.0.0.tgz' },
73 silly resolved     directories: {},
73 silly resolved     readme: 'ERROR: No README data found!' } ]
74 info install ionic@1.2.8 into /usr/local/lib
75 info install cordova@4.0.0 into /usr/local/lib
76 info installOne ionic@1.2.8
77 info installOne cordova@4.0.0
78 verbose lib/node_modules/ionic unbuild
79 verbose lib/node_modules/cordova unbuild
80 verbose tar unpack /Users/rlx/.npm/ionic/1.2.8/package.tgz
81 silly lockFile 49903aa3-usr-local-lib-node-modules-ionic tar:///usr/local/lib/node_modules/ionic
82 verbose lock tar:///usr/local/lib/node_modules/ionic /Users/rlx/.npm/49903aa3-usr-local-lib-node-modules-ionic.lock
83 silly lockFile a475b1a0--rlx-npm-ionic-1-2-8-package-tgz tar:///Users/rlx/.npm/ionic/1.2.8/package.tgz
84 verbose lock tar:///Users/rlx/.npm/ionic/1.2.8/package.tgz /Users/rlx/.npm/a475b1a0--rlx-npm-ionic-1-2-8-package-tgz.lock
85 silly gunzTarPerm modes [ '755', '644' ]
86 info preuninstall cordova@4.0.0
87 info uninstall cordova@4.0.0
88 error Error: EACCES, mkdir '/usr/local/lib/node_modules/ionic'
88 error  { [Error: EACCES, mkdir '/usr/local/lib/node_modules/ionic']
88 error   errno: 3,
88 error   code: 'EACCES',
88 error   path: '/usr/local/lib/node_modules/ionic',
88 error   fstream_type: 'Directory',
88 error   fstream_path: '/usr/local/lib/node_modules/ionic',
88 error   fstream_class: 'DirWriter',
88 error   fstream_stack:
88 error    [ '/usr/local/lib/node_modules/npm/node_modules/fstream/lib/dir-writer.js:36:23',
88 error      '/usr/local/lib/node_modules/npm/node_modules/mkdirp/index.js:46:53',
88 error      'Object.oncomplete (fs.js:107:15)' ] }
89 error Please try running this command again as root/Administrator.
90 error System Darwin 13.4.0
91 error command "node" "/usr/local/bin/npm" "install" "-g" "cordova" "ionic"
92 error cwd /Users/rlx/Documents/Dev/dcwyapp
93 error node -v v0.10.33
94 error npm -v 1.4.28
95 error path /usr/local/lib/node_modules/ionic
96 error fstream_path /usr/local/lib/node_modules/ionic
97 error fstream_type Directory
98 error fstream_class DirWriter
99 error code EACCES
100 error errno 3
101 error stack Error: EACCES, mkdir '/usr/local/lib/node_modules/ionic'
102 error fstream_stack /usr/local/lib/node_modules/npm/node_modules/fstream/lib/dir-writer.js:36:23
102 error fstream_stack /usr/local/lib/node_modules/npm/node_modules/mkdirp/index.js:46:53
102 error fstream_stack Object.oncomplete (fs.js:107:15)
103 verbose exit [ 3, true ]
